[debug] [2021-03-30T11:34:39.392Z] ----------------------------------------------------------------------
[debug] [2021-03-30T11:34:39.395Z] Command:       C:\Program Files\nodejs\node.exe C:\Users\Jon\AppData\Roaming\npm\node_modules\firebase-tools\lib\bin\firebase.js init
[debug] [2021-03-30T11:34:39.395Z] CLI Version:   9.3.0
[debug] [2021-03-30T11:34:39.395Z] Platform:      win32
[debug] [2021-03-30T11:34:39.395Z] Node Version:  v12.13.0
[debug] [2021-03-30T11:34:39.397Z] Time:          Tue Mar 30 2021 14:34:39 GMT+0300 (Israel Daylight Time)
[debug] [2021-03-30T11:34:39.397Z] ----------------------------------------------------------------------
[debug] [2021-03-30T11:34:39.398Z] 
[debug] [2021-03-30T11:34:39.400Z] >>> [apiv2][query] GET https://firebase-public.firebaseio.com/cli.json [none]
[debug] [2021-03-30T11:34:39.434Z] > command requires scopes: ["email","openid","https://www.googleapis.com/auth/cloudplatformprojects.readonly","https://www.googleapis.com/auth/firebase","https://www.googleapis.com/auth/cloud-platform"]
[debug] [2021-03-30T11:34:39.435Z] > authorizing via signed-in user
[info] 
     ######## #### ########  ######## ########     ###     ######  ########
     ##        ##  ##     ## ##       ##     ##  ##   ##  ##       ##
     ######    ##  ########  ######   ########  #########  ######  ######
     ##        ##  ##    ##  ##       ##     ## ##     ##       ## ##
     ##       #### ##     ## ######## ########  ##     ##  ######  ########

You're about to initialize a Firebase project in this directory:

  C:\Jon\workspace\starter

Before we get started, keep in mind:

  * You are currently outside your home directory
  * You are initializing in an existing Firebase project directory

[debug] [2021-03-30T11:34:40.146Z] <<< [apiv2][status] GET https://firebase-public.firebaseio.com/cli.json 200
[debug] [2021-03-30T11:34:40.147Z] <<< [apiv2][body] GET https://firebase-public.firebaseio.com/cli.json {"cloudBuildErrorAfter":1594252800000,"cloudBuildWarnAfter":1590019200000,"defaultNode10After":1594252800000,"minVersion":"3.0.5","node8DeploysDisabledAfter":1613390400000,"node8RuntimeDisabledAfter":1615809600000,"node8WarnAfter":1600128000000}
